<?xml version="1.0" encoding="UTF-8"?>
<!-- Generated by org.testng.reporters.JUnitReportReporter -->
<testsuite hostname="SUBMU03" name="com.ca.sample.NewTest" tests="2" failures="0" timestamp="29 Jun 2016 15:25:59 GMT" time="0.000" errors="0">
  <testcase name="f" time="0.000" classname="com.ca.sample.NewTest"/>
  <testcase name="f1" time="0.000" classname="com.ca.sample.NewTest"/>
</testsuite> <!-- com.ca.sample.NewTest -->
