<?xml version="1.0" encoding="UTF-8"?>
<!-- Generated by org.testng.reporters.JUnitReportReporter -->
<testsuite hostname="SUBMU03" name="com.ca.sample.App" tests="3" failures="0" timestamp="25 Jun 2016 12:46:41 GMT" time="77.514" errors="0">
  <testcase name="setData" time="34.827" classname="com.ca.sample.App"/>
  <testcase name="setData" time="25.699" classname="com.ca.sample.App"/>
  <testcase name="setData" time="16.988" classname="com.ca.sample.App"/>
</testsuite> <!-- com.ca.sample.App -->
